2025-04-24 14:06:03,469 - app.sheets - ERROR - Error getting recent data: 'Timestamp'
2025-04-24 14:06:30,592 - app.sheets - ERROR - Error getting recent data: 'Timestamp'
2025-04-24 14:07:58,346 - app.sheets - ERROR - Error getting today's data: 'Timestamp'
2025-04-24 14:08:26,729 - app.sheets - ERROR - Error getting today's data: 'Timestamp'
2025-04-24 14:20:06,898 - app.sheets - ERROR - Error getting data by date range: list index out of range
2025-04-24 14:20:11,641 - app.sheets - ERROR - Error getting data by date range: list index out of range
2025-04-24 14:20:17,905 - app.sheets - ERROR - Error getting data by date range: list index out of range
2025-04-24 14:20:19,674 - app.sheets - ERROR - Error getting data by date range: list index out of range
2025-04-24 14:20:20,349 - app.sheets - ERROR - Error getting data by date range: list index out of range
2025-04-24 14:20:20,674 - app.sheets - ERROR - Error getting data by date range: list index out of range
2025-04-24 14:24:10,689 - app.sheets - ERROR - Error getting data by date range: 'Worksheet' object has no attribute 'get_worksheet'
2025-04-24 14:24:23,883 - app.sheets - ERROR - Error getting data by date range: 'Worksheet' object has no attribute 'get_worksheet'
2025-04-24 14:24:38,147 - app.sheets - ERROR - Error getting data by date range: 'Worksheet' object has no attribute 'get_worksheet'
2025-04-24 14:25:08,194 - app.sheets - ERROR - Error getting data by date range: 'Worksheet' object has no attribute 'get_worksheet'
2025-04-24 14:25:38,202 - app.sheets - ERROR - Error getting data by date range: 'Worksheet' object has no attribute 'get_worksheet'
2025-04-24 14:26:08,189 - app.sheets - ERROR - Error getting data by date range: 'Worksheet' object has no attribute 'get_worksheet'
2025-04-24 14:27:15,234 - app.sheets - ERROR - Error getting data by date range: 'Worksheet' object has no attribute 'get_worksheet'
2025-04-24 14:28:15,203 - app.sheets - ERROR - Error getting data by date range: 'Worksheet' object has no attribute 'get_worksheet'
2025-04-24 14:29:15,237 - app.sheets - ERROR - Error getting data by date range: 'Worksheet' object has no attribute 'get_worksheet'
2025-04-24 14:29:38,152 - app.sheets - ERROR - Error getting data by date range: 'Worksheet' object has no attribute 'get_worksheet'
2025-04-24 14:30:56,897 - app.sheets - ERROR - Error getting data by date range: 'Worksheet' object has no attribute 'get_worksheet'
2025-04-24 14:31:24,392 - app.sheets - ERROR - Error getting data by date range: 'Worksheet' object has no attribute 'get_worksheet'
2025-04-24 14:31:38,102 - app.sheets - ERROR - Error getting data by date range: 'Worksheet' object has no attribute 'get_worksheet'
2025-04-24 14:31:43,123 - app.sheets - ERROR - Error getting data by date range: 'Worksheet' object has no attribute 'get_worksheet'
2025-04-24 14:32:42,581 - app.sheets - ERROR - Error getting data by date range: 'Worksheet' object has no attribute 'get_worksheet'
2025-04-24 14:32:53,461 - app.sheets - ERROR - Error getting data by date range: 'Worksheet' object has no attribute 'get_worksheet'
2025-04-24 14:33:11,180 - app.sheets - ERROR - Error getting data by date range: 'Worksheet' object has no attribute 'get_worksheet'
2025-04-24 14:35:33,035 - app.sheets - ERROR - Error getting data by date range: 'Worksheet' object has no attribute 'get_worksheet'
2025-04-24 14:35:33,043 - app.main - ERROR - Error in get_sheet_data: 'Worksheet' object has no attribute 'get_worksheet'
2025-04-24 14:35:39,411 - app.main - INFO - Fetching data for date range: 2025-04-23 to 2025-04-24
2025-04-24 14:35:39,412 - app.sheets - ERROR - Error getting data by date range: 'Worksheet' object has no attribute 'get_worksheet'
2025-04-24 14:35:39,413 - app.main - ERROR - Error in get_sheet_data: 'Worksheet' object has no attribute 'get_worksheet'
2025-04-24 14:35:40,916 - app.main - INFO - Fetching data for date range: 2025-04-23 to 2025-04-24
2025-04-24 14:35:40,917 - app.sheets - ERROR - Error getting data by date range: 'Worksheet' object has no attribute 'get_worksheet'
2025-04-24 14:35:40,919 - app.main - ERROR - Error in get_sheet_data: 'Worksheet' object has no attribute 'get_worksheet'
2025-04-24 14:38:17,654 - app.sheets - ERROR - Error in get_data_by_date_range: 'Worksheet' object has no attribute 'get_worksheet'
2025-04-24 14:40:20,822 - app.sheets - ERROR - Error in get_data_by_date_range: 'Worksheet' object has no attribute 'get_worksheet'
2025-04-24 14:40:26,621 - app.sheets - ERROR - Error in get_data_by_date_range: 'Worksheet' object has no attribute 'get_worksheet'
2025-04-24 14:40:29,117 - app.sheets - ERROR - Error in get_data_by_date_range: 'Worksheet' object has no attribute 'get_worksheet'
2025-04-24 14:40:29,893 - app.sheets - ERROR - Error in get_data_by_date_range: 'Worksheet' object has no attribute 'get_worksheet'
2025-04-24 14:40:30,534 - app.sheets - ERROR - Error in get_data_by_date_range: 'Worksheet' object has no attribute 'get_worksheet'
2025-04-24 14:40:32,246 - app.sheets - ERROR - Error in get_data_by_date_range: 'Worksheet' object has no attribute 'get_worksheet'
2025-04-24 14:40:38,413 - app.sheets - ERROR - Error in get_data_by_date_range: 'Worksheet' object has no attribute 'get_worksheet'
2025-05-26 10:44:45,001 - app.sheets - ERROR - Error connecting to Google Sheets: [Errno 2] No such file or directory: 'credentials.json'
2025-05-26 10:44:45,004 - app.sheets - ERROR - Error connecting to Google Sheets: [Errno 2] No such file or directory: 'credentials.json'
2025-05-26 10:44:47,014 - app.main - INFO - Started camera ENTRANCE
2025-05-26 10:44:48,876 - app.main - INFO - Started camera EXIT
2025-05-26 10:48:03,825 - app.sheets - ERROR - Error connecting to Google Sheets: [Errno 2] No such file or directory: 'credentials.json'
2025-05-26 10:48:03,828 - app.sheets - ERROR - Error connecting to Google Sheets: [Errno 2] No such file or directory: 'credentials.json'
2025-05-26 10:48:05,589 - app.main - INFO - Started camera ENTRANCE
2025-05-26 10:48:06,381 - app.main - INFO - Started camera EXIT
2025-05-26 11:09:52,399 - easyocr.easyocr - WARNING - Neither CUDA nor MPS are available - defaulting to CPU. Note: This module is much faster with a GPU.
2025-05-26 11:09:54,659 - app.main - ERROR - Error getting detection results for ENTRANCE: 'latest_detections'
2025-05-26 11:09:54,661 - app.main - ERROR - Error getting detection results for EXIT: 'latest_detections'
2025-05-26 11:09:56,230 - app.sheets - ERROR - Error connecting to Google Sheets: [Errno 2] No such file or directory: 'credentials.json'
2025-05-26 11:09:56,232 - app.sheets - ERROR - Error connecting to Google Sheets: [Errno 2] No such file or directory: 'credentials.json'
2025-05-26 11:09:57,440 - app.main - INFO - Started camera ENTRANCE
2025-05-26 11:09:57,446 - app.main - ERROR - Error getting detection results for ENTRANCE: 'latest_detections'
2025-05-26 11:09:58,203 - app.main - INFO - Started camera EXIT
2025-05-26 11:09:58,207 - app.main - ERROR - Error getting detection results for EXIT: 'latest_detections'
2025-05-26 11:09:58,452 - app.main - ERROR - Error getting detection results for ENTRANCE: 'latest_detections'
2025-05-26 11:09:58,745 - app.detect - INFO - Camera ENTRANCE started in web mode
2025-05-26 11:09:59,225 - app.main - ERROR - Error getting detection results for EXIT: 'latest_detections'
2025-05-26 11:09:59,456 - app.main - ERROR - Error getting detection results for ENTRANCE: 'latest_detections'
2025-05-26 11:10:00,217 - app.detect - INFO - Camera EXIT started in web mode
2025-05-26 11:10:00,237 - app.main - ERROR - Error getting detection results for EXIT: 'latest_detections'
2025-05-26 11:10:00,465 - app.main - ERROR - Error getting detection results for ENTRANCE: 'latest_detections'
2025-05-26 11:10:01,261 - app.main - ERROR - Error getting detection results for EXIT: 'latest_detections'
2025-05-26 11:10:01,481 - app.main - ERROR - Error getting detection results for ENTRANCE: 'latest_detections'
2025-05-26 11:10:02,274 - app.main - ERROR - Error getting detection results for EXIT: 'latest_detections'
2025-05-26 11:10:02,499 - app.main - ERROR - Error getting detection results for ENTRANCE: 'latest_detections'
2025-05-26 11:10:03,300 - app.main - ERROR - Error getting detection results for EXIT: 'latest_detections'
2025-05-26 11:10:05,970 - app.main - ERROR - Error getting detection results for ENTRANCE: 'latest_detections'
2025-05-26 11:10:05,974 - app.main - ERROR - Error getting detection results for EXIT: 'latest_detections'
2025-05-26 11:10:07,165 - app.main - ERROR - Error getting detection results for ENTRANCE: 'latest_detections'
2025-05-26 11:10:07,171 - app.main - ERROR - Error getting detection results for EXIT: 'latest_detections'
2025-05-26 11:10:09,150 - app.main - ERROR - Error getting detection results for ENTRANCE: 'latest_detections'
2025-05-26 11:10:09,161 - app.main - ERROR - Error getting detection results for EXIT: 'latest_detections'
2025-05-26 11:10:11,161 - app.main - ERROR - Error getting detection results for ENTRANCE: 'latest_detections'
2025-05-26 11:10:11,166 - app.main - ERROR - Error getting detection results for EXIT: 'latest_detections'
2025-05-26 11:10:13,156 - app.main - ERROR - Error getting detection results for ENTRANCE: 'latest_detections'
2025-05-26 11:10:13,160 - app.main - ERROR - Error getting detection results for EXIT: 'latest_detections'
2025-05-26 11:10:15,139 - app.main - ERROR - Error getting detection results for ENTRANCE: 'latest_detections'
2025-05-26 11:10:15,157 - app.main - ERROR - Error getting detection results for EXIT: 'latest_detections'
2025-05-26 11:10:17,159 - app.main - ERROR - Error getting detection results for ENTRANCE: 'latest_detections'
2025-05-26 11:10:17,164 - app.main - ERROR - Error getting detection results for EXIT: 'latest_detections'
2025-05-26 11:10:19,157 - app.main - ERROR - Error getting detection results for ENTRANCE: 'latest_detections'
2025-05-26 11:10:19,161 - app.main - ERROR - Error getting detection results for EXIT: 'latest_detections'
2025-05-26 11:10:21,162 - app.main - ERROR - Error getting detection results for ENTRANCE: 'latest_detections'
2025-05-26 11:10:21,162 - app.main - ERROR - Error getting detection results for EXIT: 'latest_detections'
2025-05-26 11:10:23,159 - app.main - ERROR - Error getting detection results for ENTRANCE: 'latest_detections'
2025-05-26 11:10:23,162 - app.main - ERROR - Error getting detection results for EXIT: 'latest_detections'
2025-05-26 11:10:25,166 - app.main - ERROR - Error getting detection results for ENTRANCE: 'latest_detections'
2025-05-26 11:10:25,169 - app.main - ERROR - Error getting detection results for EXIT: 'latest_detections'
2025-05-26 11:10:27,160 - app.main - ERROR - Error getting detection results for ENTRANCE: 'latest_detections'
2025-05-26 11:10:27,164 - app.main - ERROR - Error getting detection results for EXIT: 'latest_detections'
2025-05-26 11:10:29,169 - app.main - ERROR - Error getting detection results for ENTRANCE: 'latest_detections'
2025-05-26 11:10:29,176 - app.main - ERROR - Error getting detection results for EXIT: 'latest_detections'
2025-05-26 11:10:31,150 - app.main - ERROR - Error getting detection results for ENTRANCE: 'latest_detections'
2025-05-26 11:10:31,173 - app.main - ERROR - Error getting detection results for EXIT: 'latest_detections'
2025-05-26 11:10:33,164 - app.main - ERROR - Error getting detection results for ENTRANCE: 'latest_detections'
2025-05-26 11:10:33,172 - app.main - ERROR - Error getting detection results for EXIT: 'latest_detections'
2025-05-26 11:10:35,173 - app.main - ERROR - Error getting detection results for ENTRANCE: 'latest_detections'
2025-05-26 11:10:35,179 - app.main - ERROR - Error getting detection results for EXIT: 'latest_detections'
2025-05-26 11:10:37,191 - app.main - ERROR - Error getting detection results for ENTRANCE: 'latest_detections'
2025-05-26 11:10:37,197 - app.main - ERROR - Error getting detection results for EXIT: 'latest_detections'
2025-05-26 11:10:39,162 - app.main - ERROR - Error getting detection results for ENTRANCE: 'latest_detections'
2025-05-26 11:10:39,166 - app.main - ERROR - Error getting detection results for EXIT: 'latest_detections'
2025-05-26 11:10:41,184 - app.main - ERROR - Error getting detection results for ENTRANCE: 'latest_detections'
2025-05-26 11:10:41,195 - app.main - ERROR - Error getting detection results for EXIT: 'latest_detections'
2025-05-26 11:10:43,197 - app.main - ERROR - Error getting detection results for ENTRANCE: 'latest_detections'
2025-05-26 11:10:43,201 - app.main - ERROR - Error getting detection results for EXIT: 'latest_detections'
2025-05-26 11:10:45,230 - app.main - ERROR - Error getting detection results for ENTRANCE: 'latest_detections'
2025-05-26 11:10:45,234 - app.main - ERROR - Error getting detection results for EXIT: 'latest_detections'
2025-05-26 11:10:47,167 - app.main - ERROR - Error getting detection results for ENTRANCE: 'latest_detections'
2025-05-26 11:10:47,170 - app.main - ERROR - Error getting detection results for EXIT: 'latest_detections'
2025-05-26 11:10:49,160 - app.main - ERROR - Error getting detection results for ENTRANCE: 'latest_detections'
2025-05-26 11:10:49,164 - app.main - ERROR - Error getting detection results for EXIT: 'latest_detections'
2025-05-26 11:10:51,165 - app.main - ERROR - Error getting detection results for ENTRANCE: 'latest_detections'
2025-05-26 11:10:51,174 - app.main - ERROR - Error getting detection results for EXIT: 'latest_detections'
2025-05-26 11:10:53,171 - app.main - ERROR - Error getting detection results for ENTRANCE: 'latest_detections'
2025-05-26 11:10:53,181 - app.main - ERROR - Error getting detection results for EXIT: 'latest_detections'
2025-05-26 11:10:55,148 - app.main - ERROR - Error getting detection results for ENTRANCE: 'latest_detections'
2025-05-26 11:10:55,156 - app.main - ERROR - Error getting detection results for EXIT: 'latest_detections'
2025-05-26 11:10:57,160 - app.main - ERROR - Error getting detection results for ENTRANCE: 'latest_detections'
2025-05-26 11:10:57,163 - app.main - ERROR - Error getting detection results for EXIT: 'latest_detections'
2025-05-26 11:10:59,149 - app.main - ERROR - Error getting detection results for ENTRANCE: 'latest_detections'
2025-05-26 11:10:59,149 - app.main - ERROR - Error getting detection results for EXIT: 'latest_detections'
2025-05-26 11:11:01,150 - app.main - ERROR - Error getting detection results for ENTRANCE: 'latest_detections'
2025-05-26 11:11:01,159 - app.main - ERROR - Error getting detection results for EXIT: 'latest_detections'
2025-05-26 11:11:03,167 - app.main - ERROR - Error getting detection results for ENTRANCE: 'latest_detections'
2025-05-26 11:11:03,171 - app.main - ERROR - Error getting detection results for EXIT: 'latest_detections'
2025-05-26 11:11:05,154 - app.main - ERROR - Error getting detection results for ENTRANCE: 'latest_detections'
2025-05-26 11:11:05,164 - app.main - ERROR - Error getting detection results for EXIT: 'latest_detections'
2025-05-26 11:11:07,162 - app.main - ERROR - Error getting detection results for ENTRANCE: 'latest_detections'
2025-05-26 11:11:07,162 - app.main - ERROR - Error getting detection results for EXIT: 'latest_detections'
2025-05-26 11:11:09,153 - app.main - ERROR - Error getting detection results for ENTRANCE: 'latest_detections'
2025-05-26 11:11:09,162 - app.main - ERROR - Error getting detection results for EXIT: 'latest_detections'
2025-05-26 11:11:11,152 - app.main - ERROR - Error getting detection results for ENTRANCE: 'latest_detections'
2025-05-26 11:11:11,153 - app.main - ERROR - Error getting detection results for EXIT: 'latest_detections'
2025-05-26 11:11:13,166 - app.main - ERROR - Error getting detection results for ENTRANCE: 'latest_detections'
2025-05-26 11:11:13,169 - app.main - ERROR - Error getting detection results for EXIT: 'latest_detections'
2025-05-26 11:11:15,154 - app.main - ERROR - Error getting detection results for EXIT: 'latest_detections'
2025-05-26 11:11:15,154 - app.main - ERROR - Error getting detection results for ENTRANCE: 'latest_detections'
2025-05-26 11:11:16,951 - app.main - ERROR - Error getting detection results for EXIT: 'latest_detections'
2025-05-26 11:11:16,954 - app.main - ERROR - Error getting detection results for ENTRANCE: 'latest_detections'
2025-05-26 11:11:17,979 - app.main - ERROR - Error getting detection results for EXIT: 'latest_detections'
2025-05-26 11:11:17,982 - app.main - ERROR - Error getting detection results for ENTRANCE: 'latest_detections'
2025-05-26 11:11:18,996 - app.main - ERROR - Error getting detection results for EXIT: 'latest_detections'
2025-05-26 11:11:18,999 - app.main - ERROR - Error getting detection results for ENTRANCE: 'latest_detections'
2025-05-26 11:11:20,012 - app.main - ERROR - Error getting detection results for EXIT: 'latest_detections'
2025-05-26 11:11:20,016 - app.main - ERROR - Error getting detection results for ENTRANCE: 'latest_detections'
2025-05-26 11:11:21,031 - app.main - ERROR - Error getting detection results for EXIT: 'latest_detections'
2025-05-26 11:11:21,039 - app.main - ERROR - Error getting detection results for ENTRANCE: 'latest_detections'
2025-05-26 11:11:21,567 - app.main - ERROR - Error getting detection results for EXIT: 'latest_detections'
2025-05-26 11:11:22,049 - app.main - ERROR - Error getting detection results for EXIT: 'latest_detections'
2025-05-26 11:11:22,054 - app.main - ERROR - Error getting detection results for ENTRANCE: 'latest_detections'
2025-05-26 11:11:22,582 - app.main - ERROR - Error getting detection results for EXIT: 'latest_detections'
2025-05-26 11:11:23,061 - app.main - ERROR - Error getting detection results for EXIT: 'latest_detections'
2025-05-26 11:11:23,067 - app.main - ERROR - Error getting detection results for ENTRANCE: 'latest_detections'
2025-05-26 11:11:23,599 - app.main - ERROR - Error getting detection results for EXIT: 'latest_detections'
2025-05-26 11:11:24,077 - app.main - ERROR - Error getting detection results for EXIT: 'latest_detections'
2025-05-26 11:11:24,086 - app.main - ERROR - Error getting detection results for ENTRANCE: 'latest_detections'
2025-05-26 11:11:25,585 - app.main - ERROR - Error getting detection results for EXIT: 'latest_detections'
2025-05-26 11:11:25,588 - app.main - ERROR - Error getting detection results for ENTRANCE: 'latest_detections'
2025-05-26 11:11:25,597 - app.main - ERROR - Error getting detection results for EXIT: 'latest_detections'
2025-05-26 11:11:27,165 - app.main - ERROR - Error getting detection results for EXIT: 'latest_detections'
2025-05-26 11:11:27,171 - app.main - ERROR - Error getting detection results for EXIT: 'latest_detections'
2025-05-26 11:11:27,175 - app.main - ERROR - Error getting detection results for ENTRANCE: 'latest_detections'
2025-05-26 11:11:29,162 - app.main - ERROR - Error getting detection results for EXIT: 'latest_detections'
2025-05-26 11:11:29,163 - app.main - ERROR - Error getting detection results for ENTRANCE: 'latest_detections'
2025-05-26 11:11:29,165 - app.main - ERROR - Error getting detection results for EXIT: 'latest_detections'
2025-05-26 11:11:31,174 - app.main - ERROR - Error getting detection results for EXIT: 'latest_detections'
2025-05-26 11:11:31,177 - app.main - ERROR - Error getting detection results for ENTRANCE: 'latest_detections'
2025-05-26 11:11:31,188 - app.main - ERROR - Error getting detection results for EXIT: 'latest_detections'
2025-05-26 11:11:33,150 - app.main - ERROR - Error getting detection results for EXIT: 'latest_detections'
2025-05-26 11:11:33,165 - app.main - ERROR - Error getting detection results for ENTRANCE: 'latest_detections'
2025-05-26 11:11:33,169 - app.main - ERROR - Error getting detection results for EXIT: 'latest_detections'
2025-05-26 11:11:34,243 - app.main - ERROR - Error getting detection results for EXIT: 'latest_detections'
2025-05-26 11:11:34,255 - app.main - ERROR - Error getting detection results for ENTRANCE: 'latest_detections'
2025-05-26 11:11:34,264 - app.main - ERROR - Error getting detection results for EXIT: 'latest_detections'
2025-05-26 11:11:35,266 - app.main - ERROR - Error getting detection results for EXIT: 'latest_detections'
2025-05-26 11:11:35,278 - app.main - ERROR - Error getting detection results for ENTRANCE: 'latest_detections'
2025-05-26 11:11:35,297 - app.main - ERROR - Error getting detection results for EXIT: 'latest_detections'
2025-05-26 11:11:36,285 - app.main - ERROR - Error getting detection results for EXIT: 'latest_detections'
2025-05-26 11:11:36,301 - app.main - ERROR - Error getting detection results for ENTRANCE: 'latest_detections'
2025-05-26 11:11:36,315 - app.main - ERROR - Error getting detection results for EXIT: 'latest_detections'
2025-05-26 11:11:37,311 - app.main - ERROR - Error getting detection results for EXIT: 'latest_detections'
2025-05-26 11:11:37,325 - app.main - ERROR - Error getting detection results for ENTRANCE: 'latest_detections'
2025-05-26 11:11:37,331 - app.main - ERROR - Error getting detection results for EXIT: 'latest_detections'
2025-05-26 11:11:38,335 - app.main - ERROR - Error getting detection results for EXIT: 'latest_detections'
2025-05-26 11:11:38,341 - app.main - ERROR - Error getting detection results for ENTRANCE: 'latest_detections'
2025-05-26 11:11:38,349 - app.main - ERROR - Error getting detection results for EXIT: 'latest_detections'
2025-05-26 11:11:39,355 - app.main - ERROR - Error getting detection results for EXIT: 'latest_detections'
2025-05-26 11:11:39,361 - app.main - ERROR - Error getting detection results for ENTRANCE: 'latest_detections'
2025-05-26 11:11:39,374 - app.main - ERROR - Error getting detection results for EXIT: 'latest_detections'
2025-05-26 11:11:40,375 - app.main - ERROR - Error getting detection results for EXIT: 'latest_detections'
2025-05-26 11:11:40,384 - app.main - ERROR - Error getting detection results for ENTRANCE: 'latest_detections'
2025-05-26 11:11:40,395 - app.main - ERROR - Error getting detection results for EXIT: 'latest_detections'
2025-05-26 11:11:41,401 - app.main - ERROR - Error getting detection results for EXIT: 'latest_detections'
2025-05-26 11:11:41,409 - app.main - ERROR - Error getting detection results for ENTRANCE: 'latest_detections'
2025-05-26 11:11:41,422 - app.main - ERROR - Error getting detection results for EXIT: 'latest_detections'
2025-05-26 11:11:42,421 - app.main - ERROR - Error getting detection results for EXIT: 'latest_detections'
2025-05-26 11:11:42,426 - app.main - ERROR - Error getting detection results for ENTRANCE: 'latest_detections'
2025-05-26 11:11:42,444 - app.main - ERROR - Error getting detection results for EXIT: 'latest_detections'
2025-05-26 11:11:43,429 - app.main - ERROR - Error getting detection results for EXIT: 'latest_detections'
2025-05-26 11:11:43,439 - app.main - ERROR - Error getting detection results for ENTRANCE: 'latest_detections'
2025-05-26 11:11:43,469 - app.main - ERROR - Error getting detection results for EXIT: 'latest_detections'
2025-05-26 11:11:44,444 - app.main - ERROR - Error getting detection results for EXIT: 'latest_detections'
2025-05-26 11:11:44,475 - app.main - ERROR - Error getting detection results for ENTRANCE: 'latest_detections'
2025-05-26 11:11:44,493 - app.main - ERROR - Error getting detection results for EXIT: 'latest_detections'
2025-05-26 11:11:45,459 - app.main - ERROR - Error getting detection results for EXIT: 'latest_detections'
2025-05-26 11:11:45,510 - app.main - ERROR - Error getting detection results for ENTRANCE: 'latest_detections'
2025-05-26 11:11:45,516 - app.main - ERROR - Error getting detection results for EXIT: 'latest_detections'
2025-05-26 11:11:46,477 - app.main - ERROR - Error getting detection results for EXIT: 'latest_detections'
2025-05-26 11:11:46,531 - app.main - ERROR - Error getting detection results for ENTRANCE: 'latest_detections'
2025-05-26 11:11:46,536 - app.main - ERROR - Error getting detection results for EXIT: 'latest_detections'
2025-05-26 11:11:47,486 - app.main - ERROR - Error getting detection results for EXIT: 'latest_detections'
2025-05-26 11:11:47,550 - app.main - ERROR - Error getting detection results for ENTRANCE: 'latest_detections'
2025-05-26 11:11:47,558 - app.main - ERROR - Error getting detection results for EXIT: 'latest_detections'
2025-05-26 11:11:48,522 - app.main - ERROR - Error getting detection results for EXIT: 'latest_detections'
2025-05-26 11:11:48,569 - app.main - ERROR - Error getting detection results for ENTRANCE: 'latest_detections'
2025-05-26 11:11:48,575 - app.main - ERROR - Error getting detection results for EXIT: 'latest_detections'
2025-05-26 11:11:49,543 - app.main - ERROR - Error getting detection results for EXIT: 'latest_detections'
2025-05-26 11:11:49,590 - app.main - ERROR - Error getting detection results for ENTRANCE: 'latest_detections'
2025-05-26 11:11:49,601 - app.main - ERROR - Error getting detection results for EXIT: 'latest_detections'
2025-05-26 11:11:50,559 - app.main - ERROR - Error getting detection results for EXIT: 'latest_detections'
2025-05-26 11:11:50,620 - app.main - ERROR - Error getting detection results for ENTRANCE: 'latest_detections'
2025-05-26 11:11:50,625 - app.main - ERROR - Error getting detection results for EXIT: 'latest_detections'
2025-05-26 11:11:51,567 - app.main - ERROR - Error getting detection results for EXIT: 'latest_detections'
2025-05-26 11:11:51,638 - app.main - ERROR - Error getting detection results for ENTRANCE: 'latest_detections'
2025-05-26 11:11:51,645 - app.main - ERROR - Error getting detection results for EXIT: 'latest_detections'
2025-05-26 11:11:52,588 - app.main - ERROR - Error getting detection results for EXIT: 'latest_detections'
2025-05-26 11:11:52,658 - app.main - ERROR - Error getting detection results for ENTRANCE: 'latest_detections'
2025-05-26 11:11:52,662 - app.main - ERROR - Error getting detection results for EXIT: 'latest_detections'
2025-05-26 11:11:53,604 - app.main - ERROR - Error getting detection results for EXIT: 'latest_detections'
2025-05-26 11:11:53,696 - app.main - ERROR - Error getting detection results for ENTRANCE: 'latest_detections'
2025-05-26 11:11:53,700 - app.main - ERROR - Error getting detection results for EXIT: 'latest_detections'
2025-05-26 11:11:54,616 - app.main - ERROR - Error getting detection results for EXIT: 'latest_detections'
2025-05-26 11:11:54,709 - app.main - ERROR - Error getting detection results for ENTRANCE: 'latest_detections'
2025-05-26 11:11:54,723 - app.main - ERROR - Error getting detection results for EXIT: 'latest_detections'
2025-05-26 11:11:55,630 - app.main - ERROR - Error getting detection results for EXIT: 'latest_detections'
2025-05-26 11:11:55,730 - app.main - ERROR - Error getting detection results for ENTRANCE: 'latest_detections'
2025-05-26 11:11:55,730 - app.main - ERROR - Error getting detection results for EXIT: 'latest_detections'
2025-05-26 11:11:56,650 - app.main - ERROR - Error getting detection results for EXIT: 'latest_detections'
2025-05-26 11:11:56,749 - app.main - ERROR - Error getting detection results for ENTRANCE: 'latest_detections'
2025-05-26 11:11:56,751 - app.main - ERROR - Error getting detection results for EXIT: 'latest_detections'
2025-05-26 11:11:57,661 - app.main - ERROR - Error getting detection results for EXIT: 'latest_detections'
2025-05-26 11:11:57,768 - app.main - ERROR - Error getting detection results for ENTRANCE: 'latest_detections'
2025-05-26 11:11:57,771 - app.main - ERROR - Error getting detection results for EXIT: 'latest_detections'
2025-05-26 11:11:58,679 - app.main - ERROR - Error getting detection results for EXIT: 'latest_detections'
2025-05-26 11:11:58,784 - app.main - ERROR - Error getting detection results for ENTRANCE: 'latest_detections'
2025-05-26 11:11:58,788 - app.main - ERROR - Error getting detection results for EXIT: 'latest_detections'
2025-05-26 11:11:59,694 - app.main - ERROR - Error getting detection results for EXIT: 'latest_detections'
2025-05-26 11:11:59,802 - app.main - ERROR - Error getting detection results for ENTRANCE: 'latest_detections'
2025-05-26 11:11:59,804 - app.main - ERROR - Error getting detection results for EXIT: 'latest_detections'
2025-05-26 11:12:00,708 - app.main - ERROR - Error getting detection results for EXIT: 'latest_detections'
2025-05-26 11:12:00,816 - app.main - ERROR - Error getting detection results for ENTRANCE: 'latest_detections'
2025-05-26 11:12:00,820 - app.main - ERROR - Error getting detection results for EXIT: 'latest_detections'
2025-05-26 11:12:01,717 - app.main - ERROR - Error getting detection results for EXIT: 'latest_detections'
2025-05-26 11:12:01,867 - app.main - ERROR - Error getting detection results for ENTRANCE: 'latest_detections'
2025-05-26 11:12:01,876 - app.main - ERROR - Error getting detection results for EXIT: 'latest_detections'
2025-05-26 11:12:02,738 - app.main - ERROR - Error getting detection results for EXIT: 'latest_detections'
2025-05-26 11:12:02,890 - app.main - ERROR - Error getting detection results for ENTRANCE: 'latest_detections'
2025-05-26 11:12:02,890 - app.main - ERROR - Error getting detection results for EXIT: 'latest_detections'
2025-05-26 11:12:03,756 - app.main - ERROR - Error getting detection results for EXIT: 'latest_detections'
2025-05-26 11:12:03,915 - app.main - ERROR - Error getting detection results for ENTRANCE: 'latest_detections'
2025-05-26 11:12:03,921 - app.main - ERROR - Error getting detection results for EXIT: 'latest_detections'
2025-05-26 11:12:04,778 - app.main - ERROR - Error getting detection results for EXIT: 'latest_detections'
2025-05-26 11:12:04,943 - app.main - ERROR - Error getting detection results for ENTRANCE: 'latest_detections'
2025-05-26 11:12:04,952 - app.main - ERROR - Error getting detection results for EXIT: 'latest_detections'
2025-05-26 11:12:05,798 - app.main - ERROR - Error getting detection results for EXIT: 'latest_detections'
2025-05-26 11:12:05,957 - app.main - ERROR - Error getting detection results for ENTRANCE: 'latest_detections'
2025-05-26 11:12:05,978 - app.main - ERROR - Error getting detection results for EXIT: 'latest_detections'
2025-05-26 11:12:06,809 - app.main - ERROR - Error getting detection results for EXIT: 'latest_detections'
2025-05-26 11:12:06,976 - app.main - ERROR - Error getting detection results for ENTRANCE: 'latest_detections'
2025-05-26 11:12:06,992 - app.main - ERROR - Error getting detection results for EXIT: 'latest_detections'
2025-05-26 11:12:07,828 - app.main - ERROR - Error getting detection results for EXIT: 'latest_detections'
2025-05-26 11:12:08,012 - app.main - ERROR - Error getting detection results for ENTRANCE: 'latest_detections'
2025-05-26 11:12:08,016 - app.main - ERROR - Error getting detection results for EXIT: 'latest_detections'
2025-05-26 11:12:08,842 - app.main - ERROR - Error getting detection results for EXIT: 'latest_detections'
2025-05-26 11:12:09,017 - app.main - ERROR - Error getting detection results for ENTRANCE: 'latest_detections'
2025-05-26 11:12:09,034 - app.main - ERROR - Error getting detection results for EXIT: 'latest_detections'
2025-05-26 11:12:09,866 - app.main - ERROR - Error getting detection results for EXIT: 'latest_detections'
2025-05-26 11:12:10,038 - app.main - ERROR - Error getting detection results for ENTRANCE: 'latest_detections'
2025-05-26 11:12:10,051 - app.main - ERROR - Error getting detection results for EXIT: 'latest_detections'
2025-05-26 11:12:11,161 - app.main - ERROR - Error getting detection results for EXIT: 'latest_detections'
2025-05-26 11:12:11,167 - app.main - ERROR - Error getting detection results for ENTRANCE: 'latest_detections'
2025-05-26 11:12:11,172 - app.main - ERROR - Error getting detection results for EXIT: 'latest_detections'
2025-05-26 11:15:14,974 - easyocr.easyocr - WARNING - Neither CUDA nor MPS are available - defaulting to CPU. Note: This module is much faster with a GPU.
2025-05-26 11:15:16,933 - app.sheets - ERROR - Error connecting to Google Sheets: [Errno 2] No such file or directory: 'credentials.json'
2025-05-26 11:15:16,933 - app.sheets - ERROR - Error connecting to Google Sheets: [Errno 2] No such file or directory: 'credentials.json'
2025-05-26 11:15:20,084 - app.main - INFO - Started camera ENTRANCE
2025-05-26 11:15:20,949 - app.main - INFO - Started camera EXIT
2025-05-26 11:15:21,419 - app.detect - INFO - Camera ENTRANCE started in web mode
2025-05-26 11:15:22,922 - app.detect - INFO - Camera EXIT started in web mode
2025-05-26 11:21:05,732 - easyocr.easyocr - WARNING - Neither CUDA nor MPS are available - defaulting to CPU. Note: This module is much faster with a GPU.
2025-05-26 11:21:09,707 - app.sheets - ERROR - Error connecting to Google Sheets: [Errno 2] No such file or directory: 'credentials.json'
2025-05-26 11:21:09,708 - app.sheets - ERROR - Error connecting to Google Sheets: [Errno 2] No such file or directory: 'credentials.json'
2025-05-26 11:21:11,410 - app.main - INFO - Started camera ENTRANCE
2025-05-26 11:21:11,907 - app.main - INFO - Started camera EXIT
2025-05-26 11:21:12,728 - app.detect - INFO - Camera ENTRANCE started in web mode
2025-05-26 11:21:14,191 - app.detect - INFO - Camera EXIT started in web mode
2025-05-26 11:23:54,058 - easyocr.easyocr - WARNING - Neither CUDA nor MPS are available - defaulting to CPU. Note: This module is much faster with a GPU.
2025-05-26 11:24:00,777 - app.main - INFO - Started camera ENTRANCE
2025-05-26 11:24:01,938 - app.main - INFO - Started camera EXIT
2025-05-26 11:24:02,122 - app.detect - INFO - Camera ENTRANCE started in web mode
2025-05-26 11:24:03,557 - app.detect - INFO - Camera EXIT started in web mode
2025-05-26 11:52:35,315 - easyocr.easyocr - WARNING - Neither CUDA nor MPS are available - defaulting to CPU. Note: This module is much faster with a GPU.
2025-05-26 11:52:38,525 - app.sheets - ERROR - Error connecting to Google Sheets: [Errno 2] No such file or directory: 'credentials.json'
2025-05-26 11:52:38,525 - app.sheets - ERROR - Error connecting to Google Sheets: [Errno 2] No such file or directory: 'credentials.json'
2025-05-26 11:52:40,130 - app.main - INFO - Started camera EXIT
2025-05-26 11:52:41,704 - app.detect - INFO - Camera EXIT started in web mode
2025-05-26 11:53:06,653 - app.main - INFO - Started camera ENTRANCE
2025-05-26 11:53:07,932 - app.detect - INFO - Camera ENTRANCE started in web mode
2025-05-26 11:53:27,444 - app.main - INFO - Stopped camera ENTRANCE
2025-05-26 11:53:27,652 - app.detect - INFO - Camera ENTRANCE stopped
2025-05-26 11:53:29,781 - app.main - INFO - Stopped camera EXIT
2025-05-26 11:53:29,842 - app.detect - INFO - Camera EXIT stopped
2025-05-26 11:53:30,686 - app.main - INFO - Started camera EXIT
2025-05-26 11:53:32,169 - app.detect - INFO - Camera EXIT started in web mode
2025-05-26 11:53:33,767 - app.main - INFO - Started camera ENTRANCE
2025-05-26 11:53:35,044 - app.detect - INFO - Camera ENTRANCE started in web mode
2025-05-26 11:57:14,417 - easyocr.easyocr - WARNING - Neither CUDA nor MPS are available - defaulting to CPU. Note: This module is much faster with a GPU.
2025-05-26 11:57:20,186 - app.sheets - ERROR - Error connecting to Google Sheets: [Errno 2] No such file or directory: 'credentials.json'
2025-05-26 11:57:20,187 - app.sheets - ERROR - Error connecting to Google Sheets: [Errno 2] No such file or directory: 'credentials.json'
2025-05-26 11:57:21,984 - app.main - INFO - Started camera EXIT
2025-05-26 11:57:23,458 - app.detect - INFO - Camera EXIT started in web mode
2025-05-26 11:57:25,349 - app.main - INFO - Started camera ENTRANCE
2025-05-26 11:57:26,636 - app.detect - INFO - Camera ENTRANCE started in web mode
2025-05-26 11:57:43,084 - app.main - INFO - Stopped camera EXIT
2025-05-26 11:57:43,144 - app.detect - INFO - Camera EXIT stopped
2025-05-26 11:57:44,545 - app.main - INFO - Stopped camera ENTRANCE
2025-05-26 11:57:44,560 - app.detect - INFO - Camera ENTRANCE stopped
2025-05-26 11:57:45,326 - app.main - INFO - Started camera EXIT
2025-05-26 11:57:46,750 - app.detect - INFO - Camera EXIT started in web mode
2025-05-26 11:57:52,896 - app.main - INFO - Stopped camera EXIT
2025-05-26 11:57:52,931 - app.detect - INFO - Camera EXIT stopped
2025-05-26 13:17:06,622 - easyocr.easyocr - WARNING - Neither CUDA nor MPS are available - defaulting to CPU. Note: This module is much faster with a GPU.
2025-05-26 14:03:28,674 - easyocr.easyocr - WARNING - Neither CUDA nor MPS are available - defaulting to CPU. Note: This module is much faster with a GPU.
